Build started 4/5/2020 6:25:52 PM.
     1>Project "C:\Users\Aaron\Documents\GitHub\hyper-war\Hyper-War\Hyper-War.vcxproj" on node 2 (Build target(s)).
     1>ClCompile:
         C:\Program Files (x86)\Microsoft Visual Studio 12.0\VC\bin\CL.exe /c /I./ /nologo /W3 /WX- /O2 /Ob2 /Oi /Ot /Oy /D WIN32 /D NDEBUG /D _WINDOWS /Gm- /EHsc /MD /GS /Gy /fp:precise /Zc:wchar_t /Zc:forScope /Fo"Release\\" /Fd"Release\vc120.pdb" /Gd /TP /analyze- /errorReport:prompt CAudioRenderer.cpp CEffects.cpp CHighScoreList.cpp CHyperWarGame.cpp GameObjects.cpp glBase.cpp glfont2.cpp joystick.cpp RawMouse.cpp
         CAudioRenderer.cpp
         C:\Program Files (x86)\Windows Kits\8.1\Include\um\dinput.h: DIRECTINPUT_VERSION undefined. Defaulting to version 0x0800
     1>CAudioRenderer.cpp(49): warning C4101: 'freq' : unreferenced local variable
     1>CAudioRenderer.cpp(50): warning C4101: 'loop' : unreferenced local variable
     1>CAudioRenderer.cpp(47): warning C4101: 'size' : unreferenced local variable
     1>CAudioRenderer.cpp(46): warning C4101: 'format' : unreferenced local variable
     1>CAudioRenderer.cpp(48): warning C4101: 'data' : unreferenced local variable
     1>CAudioRenderer.cpp(275): warning C4244: '=' : conversion from 'double' to 'ALfloat', possible loss of data
     1>CAudioRenderer.cpp(276): warning C4244: '=' : conversion from 'double' to 'ALfloat', possible loss of data
         CEffects.cpp
         CHighScoreList.cpp
     1>CHighScoreList.cpp(149): warning C4996: 'sprintf': This function or variable may be unsafe. Consider using sprintf_s instead. To disable deprecation, use _CRT_SECURE_NO_WARNINGS. See online help for details.
                 C:\Program Files (x86)\Microsoft Visual Studio 12.0\VC\include\stdio.h(356) : see declaration of 'sprintf'
         CHyperWarGame.cpp
         C:\Program Files (x86)\Windows Kits\8.1\Include\um\dinput.h: DIRECTINPUT_VERSION undefined. Defaulting to version 0x0800
     1>CHyperWarGame.cpp(406): warning C4305: 'argument' : truncation from 'double' to 'float'
     1>CHyperWarGame.cpp(414): warning C4305: 'argument' : truncation from 'double' to 'float'
     1>CHyperWarGame.cpp(677): warning C4244: 'argument' : conversion from 'double' to 'float', possible loss of data
     1>CHyperWarGame.cpp(729): warning C4244: 'argument' : conversion from 'double' to 'float', possible loss of data
     1>CHyperWarGame.cpp(772): warning C4244: 'argument' : conversion from 'double' to 'float', possible loss of data
     1>CHyperWarGame.cpp(820): warning C4244: 'argument' : conversion from 'double' to 'float', possible loss of data
     1>CHyperWarGame.cpp(827): warning C4244: 'argument' : conversion from 'double' to 'float', possible loss of data
     1>CHyperWarGame.cpp(978): warning C4305: 'argument' : truncation from 'double' to 'float'
     1>CHyperWarGame.cpp(1145): warning C4244: 'initializing' : conversion from 'double' to 'int', possible loss of data
     1>CHyperWarGame.cpp(1162): warning C4244: '=' : conversion from 'double' to 'float', possible loss of data
     1>CHyperWarGame.cpp(1163): warning C4244: '=' : conversion from 'double' to 'float', possible loss of data
     1>CHyperWarGame.cpp(1165): warning C4244: '=' : conversion from 'double' to 'float', possible loss of data
     1>CHyperWarGame.cpp(1166): warning C4244: '=' : conversion from 'double' to 'float', possible loss of data
     1>CHyperWarGame.cpp(1197): warning C4244: '=' : conversion from 'double' to 'int', possible loss of data
     1>CHyperWarGame.cpp(1233): warning C4305: 'argument' : truncation from 'double' to 'float'
     1>CHyperWarGame.cpp(1253): warning C4244: 'argument' : conversion from 'double' to 'float', possible loss of data
     1>CHyperWarGame.cpp(1277): warning C4244: 'argument' : conversion from 'double' to 'float', possible loss of data
     1>CHyperWarGame.cpp(1286): warning C4244: 'argument' : conversion from 'double' to 'float', possible loss of data
     1>CHyperWarGame.cpp(1323): warning C4244: 'argument' : conversion from 'double' to 'float', possible loss of data
     1>CHyperWarGame.cpp(1369): warning C4244: 'argument' : conversion from 'double' to 'float', possible loss of data
     1>CHyperWarGame.cpp(1446): warning C4244: 'argument' : conversion from 'double' to 'float', possible loss of data
     1>CHyperWarGame.cpp(1499): warning C4244: 'argument' : conversion from 'double' to 'float', possible loss of data
     1>CHyperWarGame.cpp(2006): warning C4101: 'ysize' : unreferenced local variable
     1>CHyperWarGame.cpp(2006): warning C4101: 'xsize' : unreferenced local variable
     1>CHyperWarGame.cpp(2931): warning C4244: '*=' : conversion from 'double' to 'int', possible loss of data
     1>CHyperWarGame.cpp(3010): warning C4996: 'fopen': This function or variable may be unsafe. Consider using fopen_s instead. To disable deprecation, use _CRT_SECURE_NO_WARNINGS. See online help for details.
                 C:\Program Files (x86)\Microsoft Visual Studio 12.0\VC\include\stdio.h(211) : see declaration of 'fopen'
     1>CHyperWarGame.cpp(3038): warning C4996: 'sprintf': This function or variable may be unsafe. Consider using sprintf_s instead. To disable deprecation, use _CRT_SECURE_NO_WARNINGS. See online help for details.
                 C:\Program Files (x86)\Microsoft Visual Studio 12.0\VC\include\stdio.h(356) : see declaration of 'sprintf'
     1>CHyperWarGame.cpp(3043): warning C4996: 'sprintf': This function or variable may be unsafe. Consider using sprintf_s instead. To disable deprecation, use _CRT_SECURE_NO_WARNINGS. See online help for details.
                 C:\Program Files (x86)\Microsoft Visual Studio 12.0\VC\include\stdio.h(356) : see declaration of 'sprintf'
         GameObjects.cpp
         C:\Program Files (x86)\Windows Kits\8.1\Include\um\dinput.h: DIRECTINPUT_VERSION undefined. Defaulting to version 0x0800
     1>GameObjects.cpp(434): warning C4305: 'initializing' : truncation from 'double' to 'float'
     1>GameObjects.cpp(530): warning C4305: 'initializing' : truncation from 'double' to 'float'
     1>GameObjects.cpp(697): warning C4244: 'initializing' : conversion from 'double' to 'int', possible loss of data
     1>GameObjects.cpp(2613): warning C4305: 'argument' : truncation from 'double' to 'GLfloat'
     1>GameObjects.cpp(2620): warning C4305: 'argument' : truncation from 'double' to 'GLfloat'
     1>GameObjects.cpp(2627): warning C4305: 'argument' : truncation from 'double' to 'GLfloat'
     1>GameObjects.cpp(2634): warning C4305: 'argument' : truncation from 'double' to 'GLfloat'
     1>GameObjects.cpp(2642): warning C4305: 'argument' : truncation from 'double' to 'GLfloat'
     1>GameObjects.cpp(2647): warning C4305: 'argument' : truncation from 'double' to 'GLfloat'
     1>GameObjects.cpp(2652): warning C4305: 'argument' : truncation from 'double' to 'GLfloat'
     1>GameObjects.cpp(2657): warning C4305: 'argument' : truncation from 'double' to 'GLfloat'
     1>GameObjects.cpp(2665): warning C4305: 'argument' : truncation from 'double' to 'GLfloat'
     1>GameObjects.cpp(2672): warning C4305: 'argument' : truncation from 'double' to 'GLfloat'
     1>GameObjects.cpp(2679): warning C4305: 'argument' : truncation from 'double' to 'GLfloat'
     1>GameObjects.cpp(2686): warning C4305: 'argument' : truncation from 'double' to 'GLfloat'
     1>GameObjects.cpp(2739): warning C4305: 'argument' : truncation from 'double' to 'GLfloat'
     1>GameObjects.cpp(2741): warning C4305: 'argument' : truncation from 'double' to 'GLfloat'
     1>GameObjects.cpp(2743): warning C4305: 'argument' : truncation from 'double' to 'GLfloat'
     1>GameObjects.cpp(2822): warning C4244: 'argument' : conversion from 'double' to 'GLfloat', possible loss of data
     1>GameObjects.cpp(2823): warning C4244: 'argument' : conversion from 'double' to 'GLfloat', possible loss of data
     1>GameObjects.cpp(2824): warning C4244: 'argument' : conversion from 'double' to 'GLfloat', possible loss of data
     1>GameObjects.cpp(2825): warning C4244: 'argument' : conversion from 'double' to 'GLfloat', possible loss of data
     1>GameObjects.cpp(2830): warning C4244: 'argument' : conversion from 'double' to 'GLfloat', possible loss of data
     1>GameObjects.cpp(2831): warning C4244: 'argument' : conversion from 'double' to 'GLfloat', possible loss of data
     1>GameObjects.cpp(2832): warning C4244: 'argument' : conversion from 'double' to 'GLfloat', possible loss of data
     1>GameObjects.cpp(2833): warning C4244: 'argument' : conversion from 'double' to 'GLfloat', possible loss of data
     1>GameObjects.cpp(2866): warning C4244: 'argument' : conversion from 'double' to 'GLfloat', possible loss of data
     1>GameObjects.cpp(2867): warning C4244: 'argument' : conversion from 'double' to 'GLfloat', possible loss of data
     1>GameObjects.cpp(2876): warning C4244: 'argument' : conversion from 'double' to 'GLfloat', possible loss of data
     1>GameObjects.cpp(2877): warning C4244: 'argument' : conversion from 'double' to 'GLfloat', possible loss of data
     1>GameObjects.cpp(3022): warning C4305: '*=' : truncation from 'double' to 'float'
     1>GameObjects.cpp(3023): warning C4305: '*=' : truncation from 'double' to 'float'
     1>GameObjects.cpp(3028): warning C4305: '*=' : truncation from 'double' to 'float'
     1>GameObjects.cpp(3029): warning C4305: '*=' : truncation from 'double' to 'float'
     1>GameObjects.cpp(3097): warning C4244: '=' : conversion from 'LONG' to 'float', possible loss of data
     1>GameObjects.cpp(3049): warning C4101: 'vectorLen' : unreferenced local variable
     1>GameObjects.cpp(3047): warning C4101: 'tangent' : unreferenced local variable
     1>GameObjects.cpp(3160): warning C4800: 'BYTE' : forcing value to bool 'true' or 'false' (performance warning)
     1>GameObjects.cpp(3175): warning C4800: 'BYTE' : forcing value to bool 'true' or 'false' (performance warning)
     1>GameObjects.cpp(3335): warning C4305: '=' : truncation from 'double' to 'float'
     1>GameObjects.cpp(3343): warning C4305: '=' : truncation from 'double' to 'float'
     1>GameObjects.cpp(3345): warning C4305: '=' : truncation from 'double' to 'float'
     1>GameObjects.cpp(3353): warning C4305: '=' : truncation from 'double' to 'float'
     1>GameObjects.cpp(3355): warning C4305: '=' : truncation from 'double' to 'float'
     1>GameObjects.cpp(3363): warning C4305: '=' : truncation from 'double' to 'float'
     1>GameObjects.cpp(3365): warning C4305: '=' : truncation from 'double' to 'float'
     1>GameObjects.cpp(3373): warning C4305: '=' : truncation from 'double' to 'float'
     1>GameObjects.cpp(3375): warning C4305: '=' : truncation from 'double' to 'float'
     1>GameObjects.cpp(3618): warning C4305: '=' : truncation from 'double' to 'float'
     1>GameObjects.cpp(3624): warning C4305: '=' : truncation from 'double' to 'float'
         glBase.cpp
         C:\Program Files (x86)\Windows Kits\8.1\Include\um\dinput.h: DIRECTINPUT_VERSION undefined. Defaulting to version 0x0800
         glfont2.cpp
         joystick.cpp
         C:\Program Files (x86)\Windows Kits\8.1\Include\um\dinput.h: DIRECTINPUT_VERSION undefined. Defaulting to version 0x0800
     1>joystick.cpp(43): warning C4996: 'strncpy': This function or variable may be unsafe. Consider using strncpy_s instead. To disable deprecation, use _CRT_SECURE_NO_WARNINGS. See online help for details.
                 C:\Program Files (x86)\Microsoft Visual Studio 12.0\VC\include\string.h(195) : see declaration of 'strncpy'
         RawMouse.cpp
         Generating Code...
       Link:
         C:\Program Files (x86)\Microsoft Visual Studio 12.0\VC\bin\link.exe /ERRORREPORT:PROMPT /OUT:"C:\Users\Aaron\Documents\GitHub\hyper-war\Release\Hyper-War.exe" /INCREMENTAL:NO /NOLOGO /LIBPATH:"C:\Program Files (x86)\Microsoft DirectX SDK (June 2010)\Lib\x86" dxguid.lib OpenAL32.lib alut.lib odbc32.lib odbccp32.lib dinput8.lib glew32.lib kernel32.lib user32.lib gdi32.lib winspool.lib comdlg32.lib advapi32.lib shell32.lib ole32.lib oleaut32.lib uuid.lib odbc32.lib odbccp32.lib /MANIFEST /MANIFESTUAC:"level='asInvoker' uiAccess='false'" /manifest:embed /DEBUG /PDB:"C:\Users\Aaron\Documents\GitHub\hyper-war\Release\Hyper-War.pdb" /SUBSYSTEM:WINDOWS /OPT:REF /OPT:ICF /LTCG /TLBID:1 /DYNAMICBASE /NXCOMPAT /IMPLIB:"C:\Users\Aaron\Documents\GitHub\hyper-war\Release\Hyper-War.lib" /MACHINE:X86 /SAFESEH Release\CAudioRenderer.obj
         Release\CEffects.obj
         Release\CHighScoreList.obj
         Release\CHyperWarGame.obj
         Release\GameObjects.obj
         Release\glBase.obj
         Release\glfont2.obj
         Release\joystick.obj
         Release\RawMouse.obj
         LINK : /LTCG specified but no code generation required; remove /LTCG from the link command line to improve linker performance
         Hyper-War.vcxproj -> C:\Users\Aaron\Documents\GitHub\hyper-war\Release\Hyper-War.exe
     1>Done Building Project "C:\Users\Aaron\Documents\GitHub\hyper-war\Hyper-War\Hyper-War.vcxproj" (Build target(s)).

Build succeeded.

Time Elapsed 00:00:05.27
