c:\users\aaron\documents\hyper-war-racing\hyper-war\release\rawmouse.obj
c:\users\aaron\documents\hyper-war-racing\hyper-war\release\joystick.obj
c:\users\aaron\documents\hyper-war-racing\hyper-war\release\glfont2.obj
c:\users\aaron\documents\hyper-war-racing\hyper-war\release\glbase.obj
c:\users\aaron\documents\hyper-war-racing\hyper-war\release\gameobjects.obj
c:\users\aaron\documents\hyper-war-racing\hyper-war\release\chyperwargame.obj
c:\users\aaron\documents\hyper-war-racing\hyper-war\release\chighscorelist.obj
c:\users\aaron\documents\hyper-war-racing\hyper-war\release\ceffects.obj
c:\users\aaron\documents\hyper-war-racing\hyper-war\release\caudiorenderer.obj
c:\users\aaron\documents\hyper-war-racing\release\hyper-war.ipdb
c:\users\aaron\documents\hyper-war-racing\release\hyper-war.iobj
c:\users\aaron\documents\hyper-war-racing\release\hyper-war.exe
c:\users\aaron\documents\hyper-war-racing\release\hyper-war.pdb
c:\users\aaron\documents\hyper-war-racing\hyper-war\release\hyper-war.tlog\cl.command.1.tlog
c:\users\aaron\documents\hyper-war-racing\hyper-war\release\hyper-war.tlog\cl.read.1.tlog
c:\users\aaron\documents\hyper-war-racing\hyper-war\release\hyper-war.tlog\cl.write.1.tlog
c:\users\aaron\documents\hyper-war-racing\hyper-war\release\hyper-war.tlog\hyper-war.write.1u.tlog
c:\users\aaron\documents\hyper-war-racing\hyper-war\release\hyper-war.tlog\link.command.1.tlog
c:\users\aaron\documents\hyper-war-racing\hyper-war\release\hyper-war.tlog\link.read.1.tlog
c:\users\aaron\documents\hyper-war-racing\hyper-war\release\hyper-war.tlog\link.write.1.tlog
